2021-04-09 10:31:42 - MOD: Modification Default

FILE: system/engine/action.php
REGEX: ~(require|include)(_once)?\(([^)]+)~
LINE: 69

FILE: system/engine/loader.php
REGEX: ~(require|include)(_once)?\(([^)]+)~
LINE: 77
LINE: 151
LINE: 168

FILE: system/library/config.php
REGEX: ~(require|include)(_once)?\(([^)]+)~
LINE: 59

FILE: system/library/language.php
REGEX: ~(require|include)(_once)?\(([^)]+)~
LINE: 67
LINE: 73

FILE: system/library/template/template.php
REGEX: ~(require|include)(_once)?\(([^)]+)~
LINE: 18

FILE: system/library/template/twig.php
CODE: $loader = new \Twig_Loader_Filesystem(DIR_TEMPLATE);
LINE: 19
----------------------------------------------------------------
MOD: Tweak for OpenCart 3x

FILE: admin/view/template/common/header.twig
CODE: {% for link in links %}
LINE: 36
CODE: <li><a href="http://www.opencart.com" target="_blank"><i class="fa fa-opencart fa-fw"></i> {{ text_homepage }}</a></li>
LINE: 67
CODE: <li><a href="http://docs.opencart.com" target="_blank"><i class="fa fa-file-text-o fa-fw"></i> {{ text_documentation }}</a></li>
LINE: 70
CODE: <li><a href="http://forum.opencart.com" target="_blank"><i class="fa fa-comments-o fa-fw"></i> {{ text_support }}</a></li>
LINE: 73

FILE: admin/view/template/catalog/product_form.twig
CODE: <label class="col-sm-2 control-label" for="input-sku"><span data-toggle="tooltip" title="{{ help_sku }}">{{ entry_sku }}</span></label>
LINE: 104
CODE: <label class="col-sm-2 control-label" for="input-sku">
LINE: 110
CODE: <label class="col-sm-2 control-label" for="input-location">{{ entry_location }}</label>
LINE: 150
CODE: <input type="text" name="model" value="{{ model }}" placeholder="{{ entry_model }}" id="input-model" class="form-control"/>
LINE: 97
CODE: <li><a href="#tab-recurring" data-toggle="tab">{{ tab_recurring }}</a></li>
LINE: 32

FILE: admin/controller/common/filemanager.php
CODE: $this->load->language('common/filemanager');
LINE: 13
CODE: // Parent
LINE: 133
CODE: $pagination = new Pagination();
LINE: 194
CODE: $directory = rtrim(DIR_IMAGE . 'catalog/' . str_replace('*', '', $this->request->get['directory']), '/');
LINE: 33
CODE: $directory = rtrim(DIR_IMAGE . 'catalog/' . str_replace('*', '', $this->request->get['directory']), '/');
LINE: 33
CODE: public function index() {
LINE: 10
CODE: $filename = basename(html_entity_decode($file['name'], ENT_QUOTES, 'UTF-8'));
LINE: 260
CODE: $folder = basename(html_entity_decode($this->request->post['folder'], ENT_QUOTES, 'UTF-8'));
LINE: 340

FILE: admin/view/template/common/filemanager.twig
CODE: {% for image in images|batch(4) %}
LINE: 34

FILE: catalog/controller/tool/upload.php
CODE: public function index() {
LINE: 10
CODE: $filename = basename(preg_replace('/[^a-zA-Z0-9\.\-\s+]/', '', html_entity_decode($this->request->files['file']['name'], ENT_QUOTES, 'UTF-8')));
LINE: 17

FILE: admin/controller/marketplace/extension.php
CODE: $data['type'] = '';
LINE: 26

FILE: admin/view/template/marketplace/marketplace_list.twig
CODE: {% if license.value == filter_license %}<a href="{{ license.href }}" class="btn btn-default active">{{ license.text }}</a>{% else %}<a href="{{ license.href }}" class="btn btn-default">{{ license.text }}</a>{% endif %}
LINE: 49

FILE: catalog/controller/information/contact.php
CODE: if (isset($this->error['name'])) {
LINE: 48
CODE: $data['comment'] = $this->config->get('config_comment');
LINE: 106
CODE: return !$this->error;
LINE: 205

FILE: catalog/view/theme/default/template/information/contact.twig
CODE: <div class="row">{{ column_left }}
LINE: 12
CODE: <div class="buttons">
LINE: 154
CODE: </form>
LINE: 162

FILE: admin/model/localisation/currency.php
CODE: public function refresh($force = false) {
LINE: 107
CODE: public function getTotalCurrencies() {
LINE: 205

FILE: admin/controller/extension/extension/promotion.php
CODE: $curl = curl_init();
LINE: 6

FILE: admin/view/template/sale/order_info.twig
CODE: function changeStatus(){
LINE: 606
CODE: $('select[name="order_status_id"]').change(function(){
LINE: 635
CODE: addOrderInfo();
LINE: 564
LINE: 567

FILE: admin/view/template/common/developer.twig
CODE: <td style="width: 150px;">{{ entry_cache }}</td>
LINE: 11
----------------------------------------------------------------
MOD: Plaza Ajax Search

FILE: catalog/controller/common/header.php
CODE: $data['search'] = $this->load->controller('common/search');
LINE: 75
----------------------------------------------------------------
MOD: Plaza Control Panel

FILE: admin/controller/common/column_left.php
CODE: $catalog = array();
LINE: 31

FILE: admin/controller/catalog/product.php
CODE: public function index() {
LINE: 9
CODE: $this->load->language('catalog/product');
LINE: 14
LINE: 28
LINE: 84
LINE: 140
LINE: 198
CODE: 'sort_order' => $product_image['sort_order']
LINE: 1110

FILE: admin/model/catalog/product.php
CODE: $this->db->query("INSERT INTO " . DB_PREFIX . "product_image SET product_id = '" . (int)$product_id . "', image = '" . $this->db->escape($product_image['image']) . "', sort_order = '" . (int)$product_image['sort_order'] . "'");
LINE: 74
LINE: 221
CODE: <td class="text-right">{{ entry_sort_order }}</td>
LINE: 1012
CODE: <td class="text-left"><button type="button" onclick="$('#image-row{{ image_row }}').remove();" data-toggle="tooltip" title="{{ button_remove }}" class="btn btn-danger"><i class="fa fa-minus-circle"></i></button></td>
LINE: 1066
CODE: function addImage() {
LINE: 1658
CODE: $('#images tbody').append(html);
LINE: 1684
CODE: html += '  <td class="text-left"><button type="button" onclick="$(\'#image-row' + image_row  + '\').remove();" data-toggle="tooltip" title="{{ button_remove }}" class="btn btn-danger"><i class="fa fa-minus-circle"></i></button></td>';
NOT FOUND - OPERATIONS ABORTED!

FILE: catalog/controller/product/product.php
CODE: $data['heading_title'] = $product_info['name'];
LINE: 373
CODE: $data['images'][] = array(
LINE: 421
CODE: if ((float)$product_info['special']) {
LINE: 463
CODE: $data['special'] = false;
LINE: 470

FILE: catalog/controller/product/category.php
CODE: $data['heading_title'] = $category_info['name'];
LINE: 301
CODE: $data['products'][] = array(
LINE: 481
CODE: $data['products'][] = array(
LINE: 487
CODE: $pagination = new Pagination();
LINE: 624

FILE: catalog/controller/common/column_left.php
CODE: if ($route == 'product/category' && isset($this->request->get['path'])) {
LINE: 42

FILE: catalog/controller/common/column_right.php
CODE: if ($route == 'product/category' && isset($this->request->get['path'])) {
LINE: 43

FILE: catalog/model/catalog/product.php
CODE: if (!empty($data['filter_manufacturer_id'])) {
LINE: 163
LINE: 532
CODE: return $this->load->view('common/header', $data);
LINE: 158
CODE: $data['menu'] = $this->load->controller('common/menu');
LINE: 89
CODE: class ControllerCommonHeader extends Controller {
LINE: 4
CODE: return $this->load->view('common/header', $data);
LINE: 164
CODE: class ControllerCommonColumnLeft extends Controller {
LINE: 4
CODE: $route = 'common/home';
LINE: 11
CODE: if (isset($this->request->get['route'])) {
LINE: 8
CODE: class ControllerCommonColumnRight extends Controller {
LINE: 4
CODE: if (isset($this->request->get['route'])) {
LINE: 8
CODE: $route = 'common/home';
LINE: 13

FILE: catalog/controller/common/content_bottom.php
CODE: class ControllerCommonContentBottom extends Controller {
LINE: 4
CODE: if (isset($this->request->get['route'])) {
LINE: 8
CODE: $route = 'common/home';
LINE: 13

FILE: catalog/controller/common/content_top.php
CODE: class ControllerCommonContentTop extends Controller {
LINE: 4
CODE: if (isset($this->request->get['route'])) {
LINE: 8
CODE: $route = 'common/home';
LINE: 13

FILE: admin/controller/design/layout.php
CODE: $this->response->setOutput($this->load->view('design/layout_form', $data));
LINE: 397

FILE: catalog/controller/startup/seo_url.php
CODE: if ($url[0] == 'information_id') {
LINE: 47
CODE: if ($query->row['query'] && $url[0] != 'information_id' && $url[0] != 'manufacturer_id' && $url[0] != 'category_id' && $url[0] != 'product_id') {
LINE: 51
CODE: $this->request->get['route'] = $query->row['query'];
LINE: 59
CODE: $this->request->get['route'] = 'information/information';
LINE: 82
CODE: if (isset($data['route'])) {
LINE: 152
CODE: if (($data['route'] == 'product/product' && $key == 'product_id') || (($data['route'] == 'product/manufacturer/info' || $data['route'] == 'product/product') && $key == 'manufacturer_id') || ($data['route'] == 'information/information' && $key == 'information_id')) {
LINE: 176
CODE: } elseif ($key == 'path') {
LINE: 194
----------------------------------------------------------------
MOD: Plaza Theme Custom
CODE: $data['menu'] = $this->load->controller('common/menu');
LINE: 103

FILE: catalog/controller/common/footer.php
CODE: $data['powered'] = sprintf($this->language->get('text_powered'), $this->config->get('config_name'), date('Y', time()));
LINE: 45
CODE: $data['menu'] = $this->load->controller('common/menu');
LINE: 110

FILE: catalog/controller/extension/module/carousel.php
CODE: $this->document->addStyle('catalog/view/javascript/jquery/swiper/css/swiper.min.css');
LINE: 8
CODE: $this->document->addStyle('catalog/view/javascript/jquery/swiper/css/opencart.css');
LINE: 11
CODE: $this->document->addScript('catalog/view/javascript/jquery/swiper/js/swiper.jquery.js');
LINE: 14

FILE: catalog/controller/extension/module/category.php
CODE: 'name' => $child['name'] . ($this->config->get('config_product_count') ? ' (' . $this->model_catalog_product->getTotalProducts($filter_data) . ')' : ''),
LINE: 42
CODE: 'name'        => $category['name'] . ($this->config->get('config_product_count') ? ' (' . $this->model_catalog_product->getTotalProducts($filter_data) . ')' : ''),
LINE: 57
CODE: $result['rating'],
LINE: 502

FILE: catalog/controller/product/manufacturer.php
CODE: $result['rating'],
LINE: 201

FILE: catalog/controller/product/search.php
CODE: $result['rating'],
LINE: 238

FILE: catalog/controller/product/special.php
CODE: $result['rating'],
LINE: 128
CODE: $data['products'][] = array(
LINE: 490
CODE: $data['products'][] = array(
LINE: 494
CODE: $data['products'][] = array(
LINE: 195
CODE: $data['products'][] = array(
LINE: 199
CODE: $data['products'][] = array(
LINE: 232
CODE: $data['products'][] = array(
LINE: 236
CODE: $data['products'][] = array(
LINE: 122
CODE: $data['products'][] = array(
LINE: 126
CODE: $rating,
LINE: 609
CODE: $data['breadcrumbs'] = array();
LINE: 10
CODE: $special = $this->currency->format($this->tax->calculate($result['special'], $result['tax_class_id'], $this->config->get('config_tax')), $this->session->data['currency']);
LINE: 386
CODE: $special = false;
LINE: 391
CODE: $data['products'][] = array(
LINE: 499

FILE: catalog/controller/account/account.php
CODE: $this->document->setTitle($this->language->get('heading_title'));
LINE: 14

FILE: catalog/controller/account/address.php
CODE: $this->document->setTitle($this->language->get('heading_title'));
LINE: 16
LINE: 35
LINE: 67
LINE: 115

FILE: catalog/controller/account/affiliate.php
CODE: $this->document->setTitle($this->language->get('heading_title'));
LINE: 16
LINE: 43

FILE: catalog/controller/account/download.php
CODE: $this->document->setTitle($this->language->get('heading_title'));
LINE: 14

FILE: catalog/controller/account/edit.php
CODE: $this->document->setTitle($this->language->get('heading_title'));
LINE: 16

FILE: catalog/controller/account/forgotten.php
CODE: $this->document->setTitle($this->language->get('heading_title'));
LINE: 14

FILE: catalog/controller/account/login.php
CODE: $this->document->setTitle($this->language->get('heading_title'));
LINE: 52

FILE: catalog/controller/account/logout.php
CODE: $this->document->setTitle($this->language->get('heading_title'));
LINE: 27

FILE: catalog/controller/account/newsletter.php
CODE: $this->document->setTitle($this->language->get('heading_title'));
LINE: 14

FILE: catalog/controller/account/order.php
CODE: $this->document->setTitle($this->language->get('heading_title'));
LINE: 14

FILE: catalog/controller/account/password.php
CODE: $this->document->setTitle($this->language->get('heading_title'));
LINE: 16

FILE: catalog/controller/account/recurring.php
CODE: $this->document->setTitle($this->language->get('heading_title'));
LINE: 14

FILE: catalog/controller/account/register.php
CODE: $this->document->setTitle($this->language->get('heading_title'));
LINE: 14

FILE: catalog/controller/account/reset.php
CODE: $this->document->setTitle($this->language->get('heading_title'));
LINE: 25

FILE: catalog/controller/account/return.php
CODE: $this->document->setTitle($this->language->get('heading_title'));
LINE: 16
LINE: 234
LINE: 516

FILE: catalog/controller/account/reward.php
CODE: $this->document->setTitle($this->language->get('heading_title'));
LINE: 14

FILE: catalog/controller/account/success.php
CODE: $this->document->setTitle($this->language->get('heading_title'));
LINE: 8

FILE: catalog/controller/account/tracking.php
CODE: $this->document->setTitle($this->language->get('heading_title'));
LINE: 19

FILE: catalog/controller/account/transaction.php
CODE: $this->document->setTitle($this->language->get('heading_title'));
LINE: 14

FILE: catalog/controller/account/voucher.php
CODE: $this->document->setTitle($this->language->get('heading_title'));
LINE: 10
LINE: 166

FILE: catalog/controller/account/wishlist.php
CODE: $this->document->setTitle($this->language->get('heading_title'));
LINE: 29

FILE: catalog/controller/affiliate/login.php
CODE: $this->document->setTitle($this->language->get('heading_title'));
LINE: 14

FILE: catalog/controller/affiliate/register.php
CODE: $this->document->setTitle($this->language->get('heading_title'));
LINE: 14

FILE: catalog/controller/affiliate/success.php
CODE: $this->document->setTitle($this->language->get('heading_title'));
LINE: 8
CODE: $this->document->setTitle($this->language->get('heading_title'));
LINE: 14
CODE: $this->document->setTitle($this->language->get('heading_title'));
LINE: 14
CODE: $this->document->setTitle($this->language->get('heading_title'));
LINE: 8

FILE: catalog/controller/checkout/cart.php
CODE: $this->document->setTitle($this->language->get('heading_title'));
LINE: 8

FILE: catalog/controller/checkout/checkout.php
CODE: $this->document->setTitle($this->language->get('heading_title'));
LINE: 30

FILE: catalog/controller/checkout/failure.php
CODE: $this->document->setTitle($this->language->get('heading_title'));
LINE: 8

FILE: catalog/controller/checkout/success.php
CODE: $this->document->setTitle($this->language->get('heading_title'));
LINE: 25

FILE: catalog/controller/product/compare.php
CODE: $this->document->setTitle($this->language->get('heading_title'));
LINE: 28
CODE: $this->document->setTitle($this->language->get('heading_title'));
LINE: 12
CODE: $this->document->setTitle($this->language->get('heading_title'));
LINE: 75
CODE: $this->document->setTitle($this->language->get('heading_title'));
LINE: 36

FILE: catalog/controller/common/maintenance.php
CODE: $this->document->setTitle($this->language->get('heading_title'));
LINE: 8

FILE: catalog/controller/error/not_found.php
CODE: $this->document->setTitle($this->language->get('heading_title'));
LINE: 8

FILE: catalog/controller/information/sitemap.php
CODE: $this->document->setTitle($this->language->get('heading_title'));
LINE: 8
CODE: $this->document->setTitle($this->language->get('heading_title'));
LINE: 10
LINE: 217
CODE: $this->document->setTitle($this->language->get('heading_title'));
LINE: 16
LINE: 38
LINE: 73
LINE: 124
CODE: $this->document->setTitle($this->language->get('heading_title'));
LINE: 14
CODE: $this->document->setTitle($this->language->get('heading_title'));
LINE: 14
CODE: $this->document->setTitle($this->language->get('heading_title'));
LINE: 14
CODE: $this->document->setTitle($this->language->get('heading_title'));
LINE: 16
LINE: 237
LINE: 522
CODE: $this->document->setTitle($this->language->get('heading_title'));
LINE: 14
CODE: $this->document->setTitle($this->language->get('heading_title'));
LINE: 14
CODE: $this->document->setTitle($this->language->get('heading_title'));
LINE: 29
CODE: $this->document->setTitle($this->language->get('heading_title'));
LINE: 8

FILE: catalog/controller/common/cart.php
CODE: $this->document->setTitle($this->language->get('heading_title'));
NOT FOUND - OPERATIONS ABORTED!
CODE: $data['breadcrumbs'] = array();
LINE: 44
CODE: $data['breadcrumbs'] = array();
LINE: 81
CODE: $this->document->setTitle($this->language->get('heading_title'));
LINE: 28
CODE: $this->document->setTitle($this->language->get('heading_title'));
LINE: 12
CODE: $this->document->setTitle($this->language->get('heading_title'));
LINE: 36
CODE: $this->load->language('account/voucher');
LINE: 8
LINE: 167
CODE: $this->load->language('design/layout');
LINE: 8
LINE: 21
LINE: 56
LINE: 91
LINE: 413
CODE: protected function getForm() {
LINE: 261
----------------------------------------------------------------
2021-04-09 10:33:45 - MOD: Modification Default

FILE: system/engine/action.php
REGEX: ~(require|include)(_once)?\(([^)]+)~
LINE: 69

FILE: system/engine/loader.php
REGEX: ~(require|include)(_once)?\(([^)]+)~
LINE: 77
LINE: 151
LINE: 168

FILE: system/library/config.php
REGEX: ~(require|include)(_once)?\(([^)]+)~
LINE: 59

FILE: system/library/language.php
REGEX: ~(require|include)(_once)?\(([^)]+)~
LINE: 67
LINE: 73

FILE: system/library/template/template.php
REGEX: ~(require|include)(_once)?\(([^)]+)~
LINE: 18

FILE: system/library/template/twig.php
CODE: $loader = new \Twig_Loader_Filesystem(DIR_TEMPLATE);
LINE: 19
----------------------------------------------------------------
MOD: Tweak for OpenCart 3x

FILE: admin/view/template/common/header.twig
CODE: {% for link in links %}
LINE: 36
CODE: <li><a href="http://www.opencart.com" target="_blank"><i class="fa fa-opencart fa-fw"></i> {{ text_homepage }}</a></li>
LINE: 67
CODE: <li><a href="http://docs.opencart.com" target="_blank"><i class="fa fa-file-text-o fa-fw"></i> {{ text_documentation }}</a></li>
LINE: 70
CODE: <li><a href="http://forum.opencart.com" target="_blank"><i class="fa fa-comments-o fa-fw"></i> {{ text_support }}</a></li>
LINE: 73

FILE: admin/view/template/catalog/product_form.twig
CODE: <label class="col-sm-2 control-label" for="input-sku"><span data-toggle="tooltip" title="{{ help_sku }}">{{ entry_sku }}</span></label>
LINE: 104
CODE: <label class="col-sm-2 control-label" for="input-sku">
LINE: 110
CODE: <label class="col-sm-2 control-label" for="input-location">{{ entry_location }}</label>
LINE: 150
CODE: <input type="text" name="model" value="{{ model }}" placeholder="{{ entry_model }}" id="input-model" class="form-control"/>
LINE: 97
CODE: <li><a href="#tab-recurring" data-toggle="tab">{{ tab_recurring }}</a></li>
LINE: 32

FILE: admin/controller/common/filemanager.php
CODE: $this->load->language('common/filemanager');
LINE: 13
CODE: // Parent
LINE: 133
CODE: $pagination = new Pagination();
LINE: 194
CODE: $directory = rtrim(DIR_IMAGE . 'catalog/' . str_replace('*', '', $this->request->get['directory']), '/');
LINE: 33
CODE: $directory = rtrim(DIR_IMAGE . 'catalog/' . str_replace('*', '', $this->request->get['directory']), '/');
LINE: 33
CODE: public function index() {
LINE: 10
CODE: $filename = basename(html_entity_decode($file['name'], ENT_QUOTES, 'UTF-8'));
LINE: 260
CODE: $folder = basename(html_entity_decode($this->request->post['folder'], ENT_QUOTES, 'UTF-8'));
LINE: 340

FILE: admin/view/template/common/filemanager.twig
CODE: {% for image in images|batch(4) %}
LINE: 34

FILE: catalog/controller/tool/upload.php
CODE: public function index() {
LINE: 10
CODE: $filename = basename(preg_replace('/[^a-zA-Z0-9\.\-\s+]/', '', html_entity_decode($this->request->files['file']['name'], ENT_QUOTES, 'UTF-8')));
LINE: 17

FILE: admin/controller/marketplace/extension.php
CODE: $data['type'] = '';
LINE: 26

FILE: admin/view/template/marketplace/marketplace_list.twig
CODE: {% if license.value == filter_license %}<a href="{{ license.href }}" class="btn btn-default active">{{ license.text }}</a>{% else %}<a href="{{ license.href }}" class="btn btn-default">{{ license.text }}</a>{% endif %}
LINE: 49

FILE: catalog/controller/information/contact.php
CODE: if (isset($this->error['name'])) {
LINE: 48
CODE: $data['comment'] = $this->config->get('config_comment');
LINE: 106
CODE: return !$this->error;
LINE: 205

FILE: catalog/view/theme/default/template/information/contact.twig
CODE: <div class="row">{{ column_left }}
LINE: 12
CODE: <div class="buttons">
LINE: 154
CODE: </form>
LINE: 162

FILE: admin/model/localisation/currency.php
CODE: public function refresh($force = false) {
LINE: 107
CODE: public function getTotalCurrencies() {
LINE: 205

FILE: admin/controller/extension/extension/promotion.php
CODE: $curl = curl_init();
LINE: 6

FILE: admin/view/template/sale/order_info.twig
CODE: function changeStatus(){
LINE: 606
CODE: $('select[name="order_status_id"]').change(function(){
LINE: 635
CODE: addOrderInfo();
LINE: 564
LINE: 567

FILE: admin/view/template/common/developer.twig
CODE: <td style="width: 150px;">{{ entry_cache }}</td>
LINE: 11
----------------------------------------------------------------
MOD: Plaza Ajax Search

FILE: catalog/controller/common/header.php
CODE: $data['search'] = $this->load->controller('common/search');
LINE: 75
----------------------------------------------------------------
MOD: Plaza Control Panel

FILE: admin/controller/common/column_left.php
CODE: $catalog = array();
LINE: 31

FILE: admin/controller/catalog/product.php
CODE: public function index() {
LINE: 9
CODE: $this->load->language('catalog/product');
LINE: 14
LINE: 28
LINE: 84
LINE: 140
LINE: 198
CODE: 'sort_order' => $product_image['sort_order']
LINE: 1110

FILE: admin/model/catalog/product.php
CODE: $this->db->query("INSERT INTO " . DB_PREFIX . "product_image SET product_id = '" . (int)$product_id . "', image = '" . $this->db->escape($product_image['image']) . "', sort_order = '" . (int)$product_image['sort_order'] . "'");
LINE: 74
LINE: 221
CODE: <td class="text-right">{{ entry_sort_order }}</td>
LINE: 1012
CODE: <td class="text-left"><button type="button" onclick="$('#image-row{{ image_row }}').remove();" data-toggle="tooltip" title="{{ button_remove }}" class="btn btn-danger"><i class="fa fa-minus-circle"></i></button></td>
LINE: 1066
CODE: function addImage() {
LINE: 1658
CODE: $('#images tbody').append(html);
LINE: 1684
CODE: html += '  <td class="text-left"><button type="button" onclick="$(\'#image-row' + image_row  + '\').remove();" data-toggle="tooltip" title="{{ button_remove }}" class="btn btn-danger"><i class="fa fa-minus-circle"></i></button></td>';
NOT FOUND - OPERATIONS ABORTED!

FILE: catalog/controller/product/product.php
CODE: $data['heading_title'] = $product_info['name'];
LINE: 373
CODE: $data['images'][] = array(
LINE: 421
CODE: if ((float)$product_info['special']) {
LINE: 463
CODE: $data['special'] = false;
LINE: 470

FILE: catalog/controller/product/category.php
CODE: $data['heading_title'] = $category_info['name'];
LINE: 301
CODE: $data['products'][] = array(
LINE: 481
CODE: $data['products'][] = array(
LINE: 487
CODE: $pagination = new Pagination();
LINE: 624

FILE: catalog/controller/common/column_left.php
CODE: if ($route == 'product/category' && isset($this->request->get['path'])) {
LINE: 42

FILE: catalog/controller/common/column_right.php
CODE: if ($route == 'product/category' && isset($this->request->get['path'])) {
LINE: 43

FILE: catalog/model/catalog/product.php
CODE: if (!empty($data['filter_manufacturer_id'])) {
LINE: 163
LINE: 532
CODE: return $this->load->view('common/header', $data);
LINE: 158
CODE: $data['menu'] = $this->load->controller('common/menu');
LINE: 89
CODE: class ControllerCommonHeader extends Controller {
LINE: 4
CODE: return $this->load->view('common/header', $data);
LINE: 164
CODE: class ControllerCommonColumnLeft extends Controller {
LINE: 4
CODE: $route = 'common/home';
LINE: 11
CODE: if (isset($this->request->get['route'])) {
LINE: 8
CODE: class ControllerCommonColumnRight extends Controller {
LINE: 4
CODE: if (isset($this->request->get['route'])) {
LINE: 8
CODE: $route = 'common/home';
LINE: 13

FILE: catalog/controller/common/content_bottom.php
CODE: class ControllerCommonContentBottom extends Controller {
LINE: 4
CODE: if (isset($this->request->get['route'])) {
LINE: 8
CODE: $route = 'common/home';
LINE: 13

FILE: catalog/controller/common/content_top.php
CODE: class ControllerCommonContentTop extends Controller {
LINE: 4
CODE: if (isset($this->request->get['route'])) {
LINE: 8
CODE: $route = 'common/home';
LINE: 13

FILE: admin/controller/design/layout.php
CODE: $this->response->setOutput($this->load->view('design/layout_form', $data));
LINE: 397

FILE: catalog/controller/startup/seo_url.php
CODE: if ($url[0] == 'information_id') {
LINE: 47
CODE: if ($query->row['query'] && $url[0] != 'information_id' && $url[0] != 'manufacturer_id' && $url[0] != 'category_id' && $url[0] != 'product_id') {
LINE: 51
CODE: $this->request->get['route'] = $query->row['query'];
LINE: 59
CODE: $this->request->get['route'] = 'information/information';
LINE: 82
CODE: if (isset($data['route'])) {
LINE: 152
CODE: if (($data['route'] == 'product/product' && $key == 'product_id') || (($data['route'] == 'product/manufacturer/info' || $data['route'] == 'product/product') && $key == 'manufacturer_id') || ($data['route'] == 'information/information' && $key == 'information_id')) {
LINE: 176
CODE: } elseif ($key == 'path') {
LINE: 194
----------------------------------------------------------------
MOD: Plaza Theme Custom
CODE: $data['menu'] = $this->load->controller('common/menu');
LINE: 103

FILE: catalog/controller/common/footer.php
CODE: $data['powered'] = sprintf($this->language->get('text_powered'), $this->config->get('config_name'), date('Y', time()));
LINE: 45
CODE: $data['menu'] = $this->load->controller('common/menu');
LINE: 110

FILE: catalog/controller/extension/module/carousel.php
CODE: $this->document->addStyle('catalog/view/javascript/jquery/swiper/css/swiper.min.css');
LINE: 8
CODE: $this->document->addStyle('catalog/view/javascript/jquery/swiper/css/opencart.css');
LINE: 11
CODE: $this->document->addScript('catalog/view/javascript/jquery/swiper/js/swiper.jquery.js');
LINE: 14

FILE: catalog/controller/extension/module/category.php
CODE: 'name' => $child['name'] . ($this->config->get('config_product_count') ? ' (' . $this->model_catalog_product->getTotalProducts($filter_data) . ')' : ''),
LINE: 42
CODE: 'name'        => $category['name'] . ($this->config->get('config_product_count') ? ' (' . $this->model_catalog_product->getTotalProducts($filter_data) . ')' : ''),
LINE: 57
CODE: $result['rating'],
LINE: 502

FILE: catalog/controller/product/manufacturer.php
CODE: $result['rating'],
LINE: 201

FILE: catalog/controller/product/search.php
CODE: $result['rating'],
LINE: 238

FILE: catalog/controller/product/special.php
CODE: $result['rating'],
LINE: 128
CODE: $data['products'][] = array(
LINE: 490
CODE: $data['products'][] = array(
LINE: 494
CODE: $data['products'][] = array(
LINE: 195
CODE: $data['products'][] = array(
LINE: 199
CODE: $data['products'][] = array(
LINE: 232
CODE: $data['products'][] = array(
LINE: 236
CODE: $data['products'][] = array(
LINE: 122
CODE: $data['products'][] = array(
LINE: 126
CODE: $rating,
LINE: 609
CODE: $data['breadcrumbs'] = array();
LINE: 10
CODE: $special = $this->currency->format($this->tax->calculate($result['special'], $result['tax_class_id'], $this->config->get('config_tax')), $this->session->data['currency']);
LINE: 386
CODE: $special = false;
LINE: 391
CODE: $data['products'][] = array(
LINE: 499

FILE: catalog/controller/account/account.php
CODE: $this->document->setTitle($this->language->get('heading_title'));
LINE: 14

FILE: catalog/controller/account/address.php
CODE: $this->document->setTitle($this->language->get('heading_title'));
LINE: 16
LINE: 35
LINE: 67
LINE: 115

FILE: catalog/controller/account/affiliate.php
CODE: $this->document->setTitle($this->language->get('heading_title'));
LINE: 16
LINE: 43

FILE: catalog/controller/account/download.php
CODE: $this->document->setTitle($this->language->get('heading_title'));
LINE: 14

FILE: catalog/controller/account/edit.php
CODE: $this->document->setTitle($this->language->get('heading_title'));
LINE: 16

FILE: catalog/controller/account/forgotten.php
CODE: $this->document->setTitle($this->language->get('heading_title'));
LINE: 14

FILE: catalog/controller/account/login.php
CODE: $this->document->setTitle($this->language->get('heading_title'));
LINE: 52

FILE: catalog/controller/account/logout.php
CODE: $this->document->setTitle($this->language->get('heading_title'));
LINE: 27

FILE: catalog/controller/account/newsletter.php
CODE: $this->document->setTitle($this->language->get('heading_title'));
LINE: 14

FILE: catalog/controller/account/order.php
CODE: $this->document->setTitle($this->language->get('heading_title'));
LINE: 14

FILE: catalog/controller/account/password.php
CODE: $this->document->setTitle($this->language->get('heading_title'));
LINE: 16

FILE: catalog/controller/account/recurring.php
CODE: $this->document->setTitle($this->language->get('heading_title'));
LINE: 14

FILE: catalog/controller/account/register.php
CODE: $this->document->setTitle($this->language->get('heading_title'));
LINE: 14

FILE: catalog/controller/account/reset.php
CODE: $this->document->setTitle($this->language->get('heading_title'));
LINE: 25

FILE: catalog/controller/account/return.php
CODE: $this->document->setTitle($this->language->get('heading_title'));
LINE: 16
LINE: 234
LINE: 516

FILE: catalog/controller/account/reward.php
CODE: $this->document->setTitle($this->language->get('heading_title'));
LINE: 14

FILE: catalog/controller/account/success.php
CODE: $this->document->setTitle($this->language->get('heading_title'));
LINE: 8

FILE: catalog/controller/account/tracking.php
CODE: $this->document->setTitle($this->language->get('heading_title'));
LINE: 19

FILE: catalog/controller/account/transaction.php
CODE: $this->document->setTitle($this->language->get('heading_title'));
LINE: 14

FILE: catalog/controller/account/voucher.php
CODE: $this->document->setTitle($this->language->get('heading_title'));
LINE: 10
LINE: 166

FILE: catalog/controller/account/wishlist.php
CODE: $this->document->setTitle($this->language->get('heading_title'));
LINE: 29

FILE: catalog/controller/affiliate/login.php
CODE: $this->document->setTitle($this->language->get('heading_title'));
LINE: 14

FILE: catalog/controller/affiliate/register.php
CODE: $this->document->setTitle($this->language->get('heading_title'));
LINE: 14

FILE: catalog/controller/affiliate/success.php
CODE: $this->document->setTitle($this->language->get('heading_title'));
LINE: 8
CODE: $this->document->setTitle($this->language->get('heading_title'));
LINE: 14
CODE: $this->document->setTitle($this->language->get('heading_title'));
LINE: 14
CODE: $this->document->setTitle($this->language->get('heading_title'));
LINE: 8

FILE: catalog/controller/checkout/cart.php
CODE: $this->document->setTitle($this->language->get('heading_title'));
LINE: 8

FILE: catalog/controller/checkout/checkout.php
CODE: $this->document->setTitle($this->language->get('heading_title'));
LINE: 30

FILE: catalog/controller/checkout/failure.php
CODE: $this->document->setTitle($this->language->get('heading_title'));
LINE: 8

FILE: catalog/controller/checkout/success.php
CODE: $this->document->setTitle($this->language->get('heading_title'));
LINE: 25

FILE: catalog/controller/product/compare.php
CODE: $this->document->setTitle($this->language->get('heading_title'));
LINE: 28
CODE: $this->document->setTitle($this->language->get('heading_title'));
LINE: 12
CODE: $this->document->setTitle($this->language->get('heading_title'));
LINE: 75
CODE: $this->document->setTitle($this->language->get('heading_title'));
LINE: 36

FILE: catalog/controller/common/maintenance.php
CODE: $this->document->setTitle($this->language->get('heading_title'));
LINE: 8

FILE: catalog/controller/error/not_found.php
CODE: $this->document->setTitle($this->language->get('heading_title'));
LINE: 8

FILE: catalog/controller/information/sitemap.php
CODE: $this->document->setTitle($this->language->get('heading_title'));
LINE: 8
CODE: $this->document->setTitle($this->language->get('heading_title'));
LINE: 10
LINE: 217
CODE: $this->document->setTitle($this->language->get('heading_title'));
LINE: 16
LINE: 38
LINE: 73
LINE: 124
CODE: $this->document->setTitle($this->language->get('heading_title'));
LINE: 14
CODE: $this->document->setTitle($this->language->get('heading_title'));
LINE: 14
CODE: $this->document->setTitle($this->language->get('heading_title'));
LINE: 14
CODE: $this->document->setTitle($this->language->get('heading_title'));
LINE: 16
LINE: 237
LINE: 522
CODE: $this->document->setTitle($this->language->get('heading_title'));
LINE: 14
CODE: $this->document->setTitle($this->language->get('heading_title'));
LINE: 14
CODE: $this->document->setTitle($this->language->get('heading_title'));
LINE: 29
CODE: $this->document->setTitle($this->language->get('heading_title'));
LINE: 8

FILE: catalog/controller/common/cart.php
CODE: $this->document->setTitle($this->language->get('heading_title'));
NOT FOUND - OPERATIONS ABORTED!
CODE: $data['breadcrumbs'] = array();
LINE: 44
CODE: $data['breadcrumbs'] = array();
LINE: 81
CODE: $this->document->setTitle($this->language->get('heading_title'));
LINE: 28
CODE: $this->document->setTitle($this->language->get('heading_title'));
LINE: 12
CODE: $this->document->setTitle($this->language->get('heading_title'));
LINE: 36
CODE: $this->load->language('account/voucher');
LINE: 8
LINE: 167
CODE: $this->load->language('design/layout');
LINE: 8
LINE: 21
LINE: 56
LINE: 91
LINE: 413
CODE: protected function getForm() {
LINE: 261
----------------------------------------------------------------
2021-04-09 10:38:14 - MOD: Modification Default

FILE: system/engine/action.php
REGEX: ~(require|include)(_once)?\(([^)]+)~
LINE: 69

FILE: system/engine/loader.php
REGEX: ~(require|include)(_once)?\(([^)]+)~
LINE: 77
LINE: 151
LINE: 168

FILE: system/library/config.php
REGEX: ~(require|include)(_once)?\(([^)]+)~
LINE: 59

FILE: system/library/language.php
REGEX: ~(require|include)(_once)?\(([^)]+)~
LINE: 67
LINE: 73

FILE: system/library/template/template.php
REGEX: ~(require|include)(_once)?\(([^)]+)~
LINE: 18

FILE: system/library/template/twig.php
CODE: $loader = new \Twig_Loader_Filesystem(DIR_TEMPLATE);
LINE: 19
----------------------------------------------------------------
MOD: Tweak for OpenCart 3x

FILE: admin/view/template/common/header.twig
CODE: {% for link in links %}
LINE: 36
CODE: <li><a href="http://www.opencart.com" target="_blank"><i class="fa fa-opencart fa-fw"></i> {{ text_homepage }}</a></li>
LINE: 67
CODE: <li><a href="http://docs.opencart.com" target="_blank"><i class="fa fa-file-text-o fa-fw"></i> {{ text_documentation }}</a></li>
LINE: 70
CODE: <li><a href="http://forum.opencart.com" target="_blank"><i class="fa fa-comments-o fa-fw"></i> {{ text_support }}</a></li>
LINE: 73

FILE: admin/view/template/catalog/product_form.twig
CODE: <label class="col-sm-2 control-label" for="input-sku"><span data-toggle="tooltip" title="{{ help_sku }}">{{ entry_sku }}</span></label>
LINE: 104
CODE: <label class="col-sm-2 control-label" for="input-sku">
LINE: 110
CODE: <label class="col-sm-2 control-label" for="input-location">{{ entry_location }}</label>
LINE: 150
CODE: <input type="text" name="model" value="{{ model }}" placeholder="{{ entry_model }}" id="input-model" class="form-control"/>
LINE: 97
CODE: <li><a href="#tab-recurring" data-toggle="tab">{{ tab_recurring }}</a></li>
LINE: 32

FILE: admin/controller/common/filemanager.php
CODE: $this->load->language('common/filemanager');
LINE: 13
CODE: // Parent
LINE: 133
CODE: $pagination = new Pagination();
LINE: 194
CODE: $directory = rtrim(DIR_IMAGE . 'catalog/' . str_replace('*', '', $this->request->get['directory']), '/');
LINE: 33
CODE: $directory = rtrim(DIR_IMAGE . 'catalog/' . str_replace('*', '', $this->request->get['directory']), '/');
LINE: 33
CODE: public function index() {
LINE: 10
CODE: $filename = basename(html_entity_decode($file['name'], ENT_QUOTES, 'UTF-8'));
LINE: 260
CODE: $folder = basename(html_entity_decode($this->request->post['folder'], ENT_QUOTES, 'UTF-8'));
LINE: 340

FILE: admin/view/template/common/filemanager.twig
CODE: {% for image in images|batch(4) %}
LINE: 34

FILE: catalog/controller/tool/upload.php
CODE: public function index() {
LINE: 10
CODE: $filename = basename(preg_replace('/[^a-zA-Z0-9\.\-\s+]/', '', html_entity_decode($this->request->files['file']['name'], ENT_QUOTES, 'UTF-8')));
LINE: 17

FILE: admin/controller/marketplace/extension.php
CODE: $data['type'] = '';
LINE: 26

FILE: admin/view/template/marketplace/marketplace_list.twig
CODE: {% if license.value == filter_license %}<a href="{{ license.href }}" class="btn btn-default active">{{ license.text }}</a>{% else %}<a href="{{ license.href }}" class="btn btn-default">{{ license.text }}</a>{% endif %}
LINE: 49

FILE: catalog/controller/information/contact.php
CODE: if (isset($this->error['name'])) {
LINE: 48
CODE: $data['comment'] = $this->config->get('config_comment');
LINE: 106
CODE: return !$this->error;
LINE: 205

FILE: catalog/view/theme/default/template/information/contact.twig
CODE: <div class="row">{{ column_left }}
LINE: 12
CODE: <div class="buttons">
LINE: 154
CODE: </form>
LINE: 162

FILE: admin/model/localisation/currency.php
CODE: public function refresh($force = false) {
LINE: 107
CODE: public function getTotalCurrencies() {
LINE: 205

FILE: admin/controller/extension/extension/promotion.php
CODE: $curl = curl_init();
LINE: 6

FILE: admin/view/template/sale/order_info.twig
CODE: function changeStatus(){
LINE: 606
CODE: $('select[name="order_status_id"]').change(function(){
LINE: 635
CODE: addOrderInfo();
LINE: 564
LINE: 567

FILE: admin/view/template/common/developer.twig
CODE: <td style="width: 150px;">{{ entry_cache }}</td>
LINE: 11
----------------------------------------------------------------
MOD: Plaza Ajax Search

FILE: catalog/controller/common/header.php
CODE: $data['search'] = $this->load->controller('common/search');
LINE: 75
----------------------------------------------------------------
MOD: Plaza Control Panel

FILE: admin/controller/common/column_left.php
CODE: $catalog = array();
LINE: 31

FILE: admin/controller/catalog/product.php
CODE: public function index() {
LINE: 9
CODE: $this->load->language('catalog/product');
LINE: 14
LINE: 28
LINE: 84
LINE: 140
LINE: 198
CODE: 'sort_order' => $product_image['sort_order']
LINE: 1110

FILE: admin/model/catalog/product.php
CODE: $this->db->query("INSERT INTO " . DB_PREFIX . "product_image SET product_id = '" . (int)$product_id . "', image = '" . $this->db->escape($product_image['image']) . "', sort_order = '" . (int)$product_image['sort_order'] . "'");
LINE: 74
LINE: 221
CODE: <td class="text-right">{{ entry_sort_order }}</td>
LINE: 1012
CODE: <td class="text-left"><button type="button" onclick="$('#image-row{{ image_row }}').remove();" data-toggle="tooltip" title="{{ button_remove }}" class="btn btn-danger"><i class="fa fa-minus-circle"></i></button></td>
LINE: 1066
CODE: function addImage() {
LINE: 1658
CODE: $('#images tbody').append(html);
LINE: 1684
CODE: html += '  <td class="text-left"><button type="button" onclick="$(\'#image-row' + image_row  + '\').remove();" data-toggle="tooltip" title="{{ button_remove }}" class="btn btn-danger"><i class="fa fa-minus-circle"></i></button></td>';
NOT FOUND - OPERATIONS ABORTED!

FILE: catalog/controller/product/product.php
CODE: $data['heading_title'] = $product_info['name'];
LINE: 373
CODE: $data['images'][] = array(
LINE: 421
CODE: if ((float)$product_info['special']) {
LINE: 463
CODE: $data['special'] = false;
LINE: 470

FILE: catalog/controller/product/category.php
CODE: $data['heading_title'] = $category_info['name'];
LINE: 301
CODE: $data['products'][] = array(
LINE: 481
CODE: $data['products'][] = array(
LINE: 487
CODE: $pagination = new Pagination();
LINE: 624

FILE: catalog/controller/common/column_left.php
CODE: if ($route == 'product/category' && isset($this->request->get['path'])) {
LINE: 42

FILE: catalog/controller/common/column_right.php
CODE: if ($route == 'product/category' && isset($this->request->get['path'])) {
LINE: 43

FILE: catalog/model/catalog/product.php
CODE: if (!empty($data['filter_manufacturer_id'])) {
LINE: 163
LINE: 532
CODE: return $this->load->view('common/header', $data);
LINE: 158
CODE: $data['menu'] = $this->load->controller('common/menu');
LINE: 89
CODE: class ControllerCommonHeader extends Controller {
LINE: 4
CODE: return $this->load->view('common/header', $data);
LINE: 164
CODE: class ControllerCommonColumnLeft extends Controller {
LINE: 4
CODE: $route = 'common/home';
LINE: 11
CODE: if (isset($this->request->get['route'])) {
LINE: 8
CODE: class ControllerCommonColumnRight extends Controller {
LINE: 4
CODE: if (isset($this->request->get['route'])) {
LINE: 8
CODE: $route = 'common/home';
LINE: 13

FILE: catalog/controller/common/content_bottom.php
CODE: class ControllerCommonContentBottom extends Controller {
LINE: 4
CODE: if (isset($this->request->get['route'])) {
LINE: 8
CODE: $route = 'common/home';
LINE: 13

FILE: catalog/controller/common/content_top.php
CODE: class ControllerCommonContentTop extends Controller {
LINE: 4
CODE: if (isset($this->request->get['route'])) {
LINE: 8
CODE: $route = 'common/home';
LINE: 13

FILE: admin/controller/design/layout.php
CODE: $this->response->setOutput($this->load->view('design/layout_form', $data));
LINE: 397

FILE: catalog/controller/startup/seo_url.php
CODE: if ($url[0] == 'information_id') {
LINE: 47
CODE: if ($query->row['query'] && $url[0] != 'information_id' && $url[0] != 'manufacturer_id' && $url[0] != 'category_id' && $url[0] != 'product_id') {
LINE: 51
CODE: $this->request->get['route'] = $query->row['query'];
LINE: 59
CODE: $this->request->get['route'] = 'information/information';
LINE: 82
CODE: if (isset($data['route'])) {
LINE: 152
CODE: if (($data['route'] == 'product/product' && $key == 'product_id') || (($data['route'] == 'product/manufacturer/info' || $data['route'] == 'product/product') && $key == 'manufacturer_id') || ($data['route'] == 'information/information' && $key == 'information_id')) {
LINE: 176
CODE: } elseif ($key == 'path') {
LINE: 194
----------------------------------------------------------------
MOD: Plaza Theme Custom
CODE: $data['menu'] = $this->load->controller('common/menu');
LINE: 103

FILE: catalog/controller/common/footer.php
CODE: $data['powered'] = sprintf($this->language->get('text_powered'), $this->config->get('config_name'), date('Y', time()));
LINE: 45
CODE: $data['menu'] = $this->load->controller('common/menu');
LINE: 110

FILE: catalog/controller/extension/module/carousel.php
CODE: $this->document->addStyle('catalog/view/javascript/jquery/swiper/css/swiper.min.css');
LINE: 8
CODE: $this->document->addStyle('catalog/view/javascript/jquery/swiper/css/opencart.css');
LINE: 11
CODE: $this->document->addScript('catalog/view/javascript/jquery/swiper/js/swiper.jquery.js');
LINE: 14

FILE: catalog/controller/extension/module/category.php
CODE: 'name' => $child['name'] . ($this->config->get('config_product_count') ? ' (' . $this->model_catalog_product->getTotalProducts($filter_data) . ')' : ''),
LINE: 42
CODE: 'name'        => $category['name'] . ($this->config->get('config_product_count') ? ' (' . $this->model_catalog_product->getTotalProducts($filter_data) . ')' : ''),
LINE: 57
CODE: $result['rating'],
LINE: 502

FILE: catalog/controller/product/manufacturer.php
CODE: $result['rating'],
LINE: 201

FILE: catalog/controller/product/search.php
CODE: $result['rating'],
LINE: 238

FILE: catalog/controller/product/special.php
CODE: $result['rating'],
LINE: 128
CODE: $data['products'][] = array(
LINE: 490
CODE: $data['products'][] = array(
LINE: 494
CODE: $data['products'][] = array(
LINE: 195
CODE: $data['products'][] = array(
LINE: 199
CODE: $data['products'][] = array(
LINE: 232
CODE: $data['products'][] = array(
LINE: 236
CODE: $data['products'][] = array(
LINE: 122
CODE: $data['products'][] = array(
LINE: 126
CODE: $rating,
LINE: 609
CODE: $data['breadcrumbs'] = array();
LINE: 10
CODE: $special = $this->currency->format($this->tax->calculate($result['special'], $result['tax_class_id'], $this->config->get('config_tax')), $this->session->data['currency']);
LINE: 386
CODE: $special = false;
LINE: 391
CODE: $data['products'][] = array(
LINE: 499

FILE: catalog/controller/account/account.php
CODE: $this->document->setTitle($this->language->get('heading_title'));
LINE: 14

FILE: catalog/controller/account/address.php
CODE: $this->document->setTitle($this->language->get('heading_title'));
LINE: 16
LINE: 35
LINE: 67
LINE: 115

FILE: catalog/controller/account/affiliate.php
CODE: $this->document->setTitle($this->language->get('heading_title'));
LINE: 16
LINE: 43

FILE: catalog/controller/account/download.php
CODE: $this->document->setTitle($this->language->get('heading_title'));
LINE: 14

FILE: catalog/controller/account/edit.php
CODE: $this->document->setTitle($this->language->get('heading_title'));
LINE: 16

FILE: catalog/controller/account/forgotten.php
CODE: $this->document->setTitle($this->language->get('heading_title'));
LINE: 14

FILE: catalog/controller/account/login.php
CODE: $this->document->setTitle($this->language->get('heading_title'));
LINE: 52

FILE: catalog/controller/account/logout.php
CODE: $this->document->setTitle($this->language->get('heading_title'));
LINE: 27

FILE: catalog/controller/account/newsletter.php
CODE: $this->document->setTitle($this->language->get('heading_title'));
LINE: 14

FILE: catalog/controller/account/order.php
CODE: $this->document->setTitle($this->language->get('heading_title'));
LINE: 14

FILE: catalog/controller/account/password.php
CODE: $this->document->setTitle($this->language->get('heading_title'));
LINE: 16

FILE: catalog/controller/account/recurring.php
CODE: $this->document->setTitle($this->language->get('heading_title'));
LINE: 14

FILE: catalog/controller/account/register.php
CODE: $this->document->setTitle($this->language->get('heading_title'));
LINE: 14

FILE: catalog/controller/account/reset.php
CODE: $this->document->setTitle($this->language->get('heading_title'));
LINE: 25

FILE: catalog/controller/account/return.php
CODE: $this->document->setTitle($this->language->get('heading_title'));
LINE: 16
LINE: 234
LINE: 516

FILE: catalog/controller/account/reward.php
CODE: $this->document->setTitle($this->language->get('heading_title'));
LINE: 14

FILE: catalog/controller/account/success.php
CODE: $this->document->setTitle($this->language->get('heading_title'));
LINE: 8

FILE: catalog/controller/account/tracking.php
CODE: $this->document->setTitle($this->language->get('heading_title'));
LINE: 19

FILE: catalog/controller/account/transaction.php
CODE: $this->document->setTitle($this->language->get('heading_title'));
LINE: 14

FILE: catalog/controller/account/voucher.php
CODE: $this->document->setTitle($this->language->get('heading_title'));
LINE: 10
LINE: 166

FILE: catalog/controller/account/wishlist.php
CODE: $this->document->setTitle($this->language->get('heading_title'));
LINE: 29

FILE: catalog/controller/affiliate/login.php
CODE: $this->document->setTitle($this->language->get('heading_title'));
LINE: 14

FILE: catalog/controller/affiliate/register.php
CODE: $this->document->setTitle($this->language->get('heading_title'));
LINE: 14

FILE: catalog/controller/affiliate/success.php
CODE: $this->document->setTitle($this->language->get('heading_title'));
LINE: 8
CODE: $this->document->setTitle($this->language->get('heading_title'));
LINE: 14
CODE: $this->document->setTitle($this->language->get('heading_title'));
LINE: 14
CODE: $this->document->setTitle($this->language->get('heading_title'));
LINE: 8

FILE: catalog/controller/checkout/cart.php
CODE: $this->document->setTitle($this->language->get('heading_title'));
LINE: 8

FILE: catalog/controller/checkout/checkout.php
CODE: $this->document->setTitle($this->language->get('heading_title'));
LINE: 30

FILE: catalog/controller/checkout/failure.php
CODE: $this->document->setTitle($this->language->get('heading_title'));
LINE: 8

FILE: catalog/controller/checkout/success.php
CODE: $this->document->setTitle($this->language->get('heading_title'));
LINE: 25

FILE: catalog/controller/product/compare.php
CODE: $this->document->setTitle($this->language->get('heading_title'));
LINE: 28
CODE: $this->document->setTitle($this->language->get('heading_title'));
LINE: 12
CODE: $this->document->setTitle($this->language->get('heading_title'));
LINE: 75
CODE: $this->document->setTitle($this->language->get('heading_title'));
LINE: 36

FILE: catalog/controller/common/maintenance.php
CODE: $this->document->setTitle($this->language->get('heading_title'));
LINE: 8

FILE: catalog/controller/error/not_found.php
CODE: $this->document->setTitle($this->language->get('heading_title'));
LINE: 8

FILE: catalog/controller/information/sitemap.php
CODE: $this->document->setTitle($this->language->get('heading_title'));
LINE: 8
CODE: $this->document->setTitle($this->language->get('heading_title'));
LINE: 10
LINE: 217
CODE: $this->document->setTitle($this->language->get('heading_title'));
LINE: 16
LINE: 38
LINE: 73
LINE: 124
CODE: $this->document->setTitle($this->language->get('heading_title'));
LINE: 14
CODE: $this->document->setTitle($this->language->get('heading_title'));
LINE: 14
CODE: $this->document->setTitle($this->language->get('heading_title'));
LINE: 14
CODE: $this->document->setTitle($this->language->get('heading_title'));
LINE: 16
LINE: 237
LINE: 522
CODE: $this->document->setTitle($this->language->get('heading_title'));
LINE: 14
CODE: $this->document->setTitle($this->language->get('heading_title'));
LINE: 14
CODE: $this->document->setTitle($this->language->get('heading_title'));
LINE: 29
CODE: $this->document->setTitle($this->language->get('heading_title'));
LINE: 8

FILE: catalog/controller/common/cart.php
CODE: $this->document->setTitle($this->language->get('heading_title'));
NOT FOUND - OPERATIONS ABORTED!
CODE: $data['breadcrumbs'] = array();
LINE: 44
CODE: $data['breadcrumbs'] = array();
LINE: 81
CODE: $this->document->setTitle($this->language->get('heading_title'));
LINE: 28
CODE: $this->document->setTitle($this->language->get('heading_title'));
LINE: 12
CODE: $this->document->setTitle($this->language->get('heading_title'));
LINE: 36
CODE: $this->load->language('account/voucher');
LINE: 8
LINE: 167
CODE: $this->load->language('design/layout');
LINE: 8
LINE: 21
LINE: 56
LINE: 91
LINE: 413
CODE: protected function getForm() {
LINE: 261
----------------------------------------------------------------
2021-04-09 11:08:39 - MOD: Modification Default

FILE: system/engine/action.php
REGEX: ~(require|include)(_once)?\(([^)]+)~
LINE: 69

FILE: system/engine/loader.php
REGEX: ~(require|include)(_once)?\(([^)]+)~
LINE: 77
LINE: 151
LINE: 168

FILE: system/library/config.php
REGEX: ~(require|include)(_once)?\(([^)]+)~
LINE: 59

FILE: system/library/language.php
REGEX: ~(require|include)(_once)?\(([^)]+)~
LINE: 67
LINE: 73

FILE: system/library/template/template.php
REGEX: ~(require|include)(_once)?\(([^)]+)~
LINE: 18

FILE: system/library/template/twig.php
CODE: $loader = new \Twig_Loader_Filesystem(DIR_TEMPLATE);
LINE: 19
----------------------------------------------------------------
MOD: Tweak for OpenCart 3x

FILE: admin/view/template/common/header.twig
CODE: {% for link in links %}
LINE: 36
CODE: <li><a href="http://www.opencart.com" target="_blank"><i class="fa fa-opencart fa-fw"></i> {{ text_homepage }}</a></li>
LINE: 67
CODE: <li><a href="http://docs.opencart.com" target="_blank"><i class="fa fa-file-text-o fa-fw"></i> {{ text_documentation }}</a></li>
LINE: 70
CODE: <li><a href="http://forum.opencart.com" target="_blank"><i class="fa fa-comments-o fa-fw"></i> {{ text_support }}</a></li>
LINE: 73

FILE: admin/view/template/catalog/product_form.twig
CODE: <label class="col-sm-2 control-label" for="input-sku"><span data-toggle="tooltip" title="{{ help_sku }}">{{ entry_sku }}</span></label>
LINE: 104
CODE: <label class="col-sm-2 control-label" for="input-sku">
LINE: 110
CODE: <label class="col-sm-2 control-label" for="input-location">{{ entry_location }}</label>
LINE: 150
CODE: <input type="text" name="model" value="{{ model }}" placeholder="{{ entry_model }}" id="input-model" class="form-control"/>
LINE: 97
CODE: <li><a href="#tab-recurring" data-toggle="tab">{{ tab_recurring }}</a></li>
LINE: 32

FILE: admin/controller/common/filemanager.php
CODE: $this->load->language('common/filemanager');
LINE: 13
CODE: // Parent
LINE: 133
CODE: $pagination = new Pagination();
LINE: 194
CODE: $directory = rtrim(DIR_IMAGE . 'catalog/' . str_replace('*', '', $this->request->get['directory']), '/');
LINE: 33
CODE: $directory = rtrim(DIR_IMAGE . 'catalog/' . str_replace('*', '', $this->request->get['directory']), '/');
LINE: 33
CODE: public function index() {
LINE: 10
CODE: $filename = basename(html_entity_decode($file['name'], ENT_QUOTES, 'UTF-8'));
LINE: 260
CODE: $folder = basename(html_entity_decode($this->request->post['folder'], ENT_QUOTES, 'UTF-8'));
LINE: 340

FILE: admin/view/template/common/filemanager.twig
CODE: {% for image in images|batch(4) %}
LINE: 34

FILE: catalog/controller/tool/upload.php
CODE: public function index() {
LINE: 10
CODE: $filename = basename(preg_replace('/[^a-zA-Z0-9\.\-\s+]/', '', html_entity_decode($this->request->files['file']['name'], ENT_QUOTES, 'UTF-8')));
LINE: 17

FILE: admin/controller/marketplace/extension.php
CODE: $data['type'] = '';
LINE: 26

FILE: admin/view/template/marketplace/marketplace_list.twig
CODE: {% if license.value == filter_license %}<a href="{{ license.href }}" class="btn btn-default active">{{ license.text }}</a>{% else %}<a href="{{ license.href }}" class="btn btn-default">{{ license.text }}</a>{% endif %}
LINE: 49

FILE: catalog/controller/information/contact.php
CODE: if (isset($this->error['name'])) {
LINE: 48
CODE: $data['comment'] = $this->config->get('config_comment');
LINE: 106
CODE: return !$this->error;
LINE: 205

FILE: catalog/view/theme/default/template/information/contact.twig
CODE: <div class="row">{{ column_left }}
LINE: 12
CODE: <div class="buttons">
LINE: 154
CODE: </form>
LINE: 162

FILE: admin/model/localisation/currency.php
CODE: public function refresh($force = false) {
LINE: 107
CODE: public function getTotalCurrencies() {
LINE: 205

FILE: admin/controller/extension/extension/promotion.php
CODE: $curl = curl_init();
LINE: 6

FILE: admin/view/template/sale/order_info.twig
CODE: function changeStatus(){
LINE: 606
CODE: $('select[name="order_status_id"]').change(function(){
LINE: 635
CODE: addOrderInfo();
LINE: 564
LINE: 567

FILE: admin/view/template/common/developer.twig
CODE: <td style="width: 150px;">{{ entry_cache }}</td>
LINE: 11
----------------------------------------------------------------
MOD: Plaza Ajax Search

FILE: catalog/controller/common/header.php
CODE: $data['search'] = $this->load->controller('common/search');
LINE: 75
----------------------------------------------------------------
MOD: Plaza Control Panel

FILE: admin/controller/common/column_left.php
CODE: $catalog = array();
LINE: 31

FILE: admin/controller/catalog/product.php
CODE: public function index() {
LINE: 9
CODE: $this->load->language('catalog/product');
LINE: 14
LINE: 28
LINE: 84
LINE: 140
LINE: 198
CODE: 'sort_order' => $product_image['sort_order']
LINE: 1110

FILE: admin/model/catalog/product.php
CODE: $this->db->query("INSERT INTO " . DB_PREFIX . "product_image SET product_id = '" . (int)$product_id . "', image = '" . $this->db->escape($product_image['image']) . "', sort_order = '" . (int)$product_image['sort_order'] . "'");
LINE: 74
LINE: 221
CODE: <td class="text-right">{{ entry_sort_order }}</td>
LINE: 1012
CODE: <td class="text-left"><button type="button" onclick="$('#image-row{{ image_row }}').remove();" data-toggle="tooltip" title="{{ button_remove }}" class="btn btn-danger"><i class="fa fa-minus-circle"></i></button></td>
LINE: 1066
CODE: function addImage() {
LINE: 1658
CODE: $('#images tbody').append(html);
LINE: 1684
CODE: html += '  <td class="text-left"><button type="button" onclick="$(\'#image-row' + image_row  + '\').remove();" data-toggle="tooltip" title="{{ button_remove }}" class="btn btn-danger"><i class="fa fa-minus-circle"></i></button></td>';
NOT FOUND - OPERATIONS ABORTED!

FILE: catalog/controller/product/product.php
CODE: $data['heading_title'] = $product_info['name'];
LINE: 373
CODE: $data['images'][] = array(
LINE: 421
CODE: if ((float)$product_info['special']) {
LINE: 463
CODE: $data['special'] = false;
LINE: 470

FILE: catalog/controller/product/category.php
CODE: $data['heading_title'] = $category_info['name'];
LINE: 301
CODE: $data['products'][] = array(
LINE: 481
CODE: $data['products'][] = array(
LINE: 487
CODE: $pagination = new Pagination();
LINE: 624

FILE: catalog/controller/common/column_left.php
CODE: if ($route == 'product/category' && isset($this->request->get['path'])) {
LINE: 42

FILE: catalog/controller/common/column_right.php
CODE: if ($route == 'product/category' && isset($this->request->get['path'])) {
LINE: 43

FILE: catalog/model/catalog/product.php
CODE: if (!empty($data['filter_manufacturer_id'])) {
LINE: 163
LINE: 532
CODE: return $this->load->view('common/header', $data);
LINE: 158
CODE: $data['menu'] = $this->load->controller('common/menu');
LINE: 89
CODE: class ControllerCommonHeader extends Controller {
LINE: 4
CODE: return $this->load->view('common/header', $data);
LINE: 164
CODE: class ControllerCommonColumnLeft extends Controller {
LINE: 4
CODE: $route = 'common/home';
LINE: 11
CODE: if (isset($this->request->get['route'])) {
LINE: 8
CODE: class ControllerCommonColumnRight extends Controller {
LINE: 4
CODE: if (isset($this->request->get['route'])) {
LINE: 8
CODE: $route = 'common/home';
LINE: 13

FILE: catalog/controller/common/content_bottom.php
CODE: class ControllerCommonContentBottom extends Controller {
LINE: 4
CODE: if (isset($this->request->get['route'])) {
LINE: 8
CODE: $route = 'common/home';
LINE: 13

FILE: catalog/controller/common/content_top.php
CODE: class ControllerCommonContentTop extends Controller {
LINE: 4
CODE: if (isset($this->request->get['route'])) {
LINE: 8
CODE: $route = 'common/home';
LINE: 13

FILE: admin/controller/design/layout.php
CODE: $this->response->setOutput($this->load->view('design/layout_form', $data));
LINE: 397

FILE: catalog/controller/startup/seo_url.php
CODE: if ($url[0] == 'information_id') {
LINE: 47
CODE: if ($query->row['query'] && $url[0] != 'information_id' && $url[0] != 'manufacturer_id' && $url[0] != 'category_id' && $url[0] != 'product_id') {
LINE: 51
CODE: $this->request->get['route'] = $query->row['query'];
LINE: 59
CODE: $this->request->get['route'] = 'information/information';
LINE: 82
CODE: if (isset($data['route'])) {
LINE: 152
CODE: if (($data['route'] == 'product/product' && $key == 'product_id') || (($data['route'] == 'product/manufacturer/info' || $data['route'] == 'product/product') && $key == 'manufacturer_id') || ($data['route'] == 'information/information' && $key == 'information_id')) {
LINE: 176
CODE: } elseif ($key == 'path') {
LINE: 194
----------------------------------------------------------------
MOD: Plaza Theme Custom
CODE: $data['menu'] = $this->load->controller('common/menu');
LINE: 103

FILE: catalog/controller/common/footer.php
CODE: $data['powered'] = sprintf($this->language->get('text_powered'), $this->config->get('config_name'), date('Y', time()));
LINE: 45
CODE: $data['menu'] = $this->load->controller('common/menu');
LINE: 110

FILE: catalog/controller/extension/module/carousel.php
CODE: $this->document->addStyle('catalog/view/javascript/jquery/swiper/css/swiper.min.css');
LINE: 8
CODE: $this->document->addStyle('catalog/view/javascript/jquery/swiper/css/opencart.css');
LINE: 11
CODE: $this->document->addScript('catalog/view/javascript/jquery/swiper/js/swiper.jquery.js');
LINE: 14

FILE: catalog/controller/extension/module/category.php
CODE: 'name' => $child['name'] . ($this->config->get('config_product_count') ? ' (' . $this->model_catalog_product->getTotalProducts($filter_data) . ')' : ''),
LINE: 42
CODE: 'name'        => $category['name'] . ($this->config->get('config_product_count') ? ' (' . $this->model_catalog_product->getTotalProducts($filter_data) . ')' : ''),
LINE: 57
CODE: $result['rating'],
LINE: 502

FILE: catalog/controller/product/manufacturer.php
CODE: $result['rating'],
LINE: 201

FILE: catalog/controller/product/search.php
CODE: $result['rating'],
LINE: 238

FILE: catalog/controller/product/special.php
CODE: $result['rating'],
LINE: 128
CODE: $data['products'][] = array(
LINE: 490
CODE: $data['products'][] = array(
LINE: 494
CODE: $data['products'][] = array(
LINE: 195
CODE: $data['products'][] = array(
LINE: 199
CODE: $data['products'][] = array(
LINE: 232
CODE: $data['products'][] = array(
LINE: 236
CODE: $data['products'][] = array(
LINE: 122
CODE: $data['products'][] = array(
LINE: 126
CODE: $rating,
LINE: 609
CODE: $data['breadcrumbs'] = array();
LINE: 10
CODE: $special = $this->currency->format($this->tax->calculate($result['special'], $result['tax_class_id'], $this->config->get('config_tax')), $this->session->data['currency']);
LINE: 386
CODE: $special = false;
LINE: 391
CODE: $data['products'][] = array(
LINE: 499

FILE: catalog/controller/account/account.php
CODE: $this->document->setTitle($this->language->get('heading_title'));
LINE: 14

FILE: catalog/controller/account/address.php
CODE: $this->document->setTitle($this->language->get('heading_title'));
LINE: 16
LINE: 35
LINE: 67
LINE: 115

FILE: catalog/controller/account/affiliate.php
CODE: $this->document->setTitle($this->language->get('heading_title'));
LINE: 16
LINE: 43

FILE: catalog/controller/account/download.php
CODE: $this->document->setTitle($this->language->get('heading_title'));
LINE: 14

FILE: catalog/controller/account/edit.php
CODE: $this->document->setTitle($this->language->get('heading_title'));
LINE: 16

FILE: catalog/controller/account/forgotten.php
CODE: $this->document->setTitle($this->language->get('heading_title'));
LINE: 14

FILE: catalog/controller/account/login.php
CODE: $this->document->setTitle($this->language->get('heading_title'));
LINE: 52

FILE: catalog/controller/account/logout.php
CODE: $this->document->setTitle($this->language->get('heading_title'));
LINE: 27

FILE: catalog/controller/account/newsletter.php
CODE: $this->document->setTitle($this->language->get('heading_title'));
LINE: 14

FILE: catalog/controller/account/order.php
CODE: $this->document->setTitle($this->language->get('heading_title'));
LINE: 14

FILE: catalog/controller/account/password.php
CODE: $this->document->setTitle($this->language->get('heading_title'));
LINE: 16

FILE: catalog/controller/account/recurring.php
CODE: $this->document->setTitle($this->language->get('heading_title'));
LINE: 14

FILE: catalog/controller/account/register.php
CODE: $this->document->setTitle($this->language->get('heading_title'));
LINE: 14

FILE: catalog/controller/account/reset.php
CODE: $this->document->setTitle($this->language->get('heading_title'));
LINE: 25

FILE: catalog/controller/account/return.php
CODE: $this->document->setTitle($this->language->get('heading_title'));
LINE: 16
LINE: 234
LINE: 516

FILE: catalog/controller/account/reward.php
CODE: $this->document->setTitle($this->language->get('heading_title'));
LINE: 14

FILE: catalog/controller/account/success.php
CODE: $this->document->setTitle($this->language->get('heading_title'));
LINE: 8

FILE: catalog/controller/account/tracking.php
CODE: $this->document->setTitle($this->language->get('heading_title'));
LINE: 19

FILE: catalog/controller/account/transaction.php
CODE: $this->document->setTitle($this->language->get('heading_title'));
LINE: 14

FILE: catalog/controller/account/voucher.php
CODE: $this->document->setTitle($this->language->get('heading_title'));
LINE: 10
LINE: 166

FILE: catalog/controller/account/wishlist.php
CODE: $this->document->setTitle($this->language->get('heading_title'));
LINE: 29

FILE: catalog/controller/affiliate/login.php
CODE: $this->document->setTitle($this->language->get('heading_title'));
LINE: 14

FILE: catalog/controller/affiliate/register.php
CODE: $this->document->setTitle($this->language->get('heading_title'));
LINE: 14

FILE: catalog/controller/affiliate/success.php
CODE: $this->document->setTitle($this->language->get('heading_title'));
LINE: 8
CODE: $this->document->setTitle($this->language->get('heading_title'));
LINE: 14
CODE: $this->document->setTitle($this->language->get('heading_title'));
LINE: 14
CODE: $this->document->setTitle($this->language->get('heading_title'));
LINE: 8

FILE: catalog/controller/checkout/cart.php
CODE: $this->document->setTitle($this->language->get('heading_title'));
LINE: 8

FILE: catalog/controller/checkout/checkout.php
CODE: $this->document->setTitle($this->language->get('heading_title'));
LINE: 30

FILE: catalog/controller/checkout/failure.php
CODE: $this->document->setTitle($this->language->get('heading_title'));
LINE: 8

FILE: catalog/controller/checkout/success.php
CODE: $this->document->setTitle($this->language->get('heading_title'));
LINE: 25

FILE: catalog/controller/product/compare.php
CODE: $this->document->setTitle($this->language->get('heading_title'));
LINE: 28
CODE: $this->document->setTitle($this->language->get('heading_title'));
LINE: 12
CODE: $this->document->setTitle($this->language->get('heading_title'));
LINE: 75
CODE: $this->document->setTitle($this->language->get('heading_title'));
LINE: 36

FILE: catalog/controller/common/maintenance.php
CODE: $this->document->setTitle($this->language->get('heading_title'));
LINE: 8

FILE: catalog/controller/error/not_found.php
CODE: $this->document->setTitle($this->language->get('heading_title'));
LINE: 8

FILE: catalog/controller/information/sitemap.php
CODE: $this->document->setTitle($this->language->get('heading_title'));
LINE: 8
CODE: $this->document->setTitle($this->language->get('heading_title'));
LINE: 10
LINE: 217
CODE: $this->document->setTitle($this->language->get('heading_title'));
LINE: 16
LINE: 38
LINE: 73
LINE: 124
CODE: $this->document->setTitle($this->language->get('heading_title'));
LINE: 14
CODE: $this->document->setTitle($this->language->get('heading_title'));
LINE: 14
CODE: $this->document->setTitle($this->language->get('heading_title'));
LINE: 14
CODE: $this->document->setTitle($this->language->get('heading_title'));
LINE: 16
LINE: 237
LINE: 522
CODE: $this->document->setTitle($this->language->get('heading_title'));
LINE: 14
CODE: $this->document->setTitle($this->language->get('heading_title'));
LINE: 14
CODE: $this->document->setTitle($this->language->get('heading_title'));
LINE: 29
CODE: $this->document->setTitle($this->language->get('heading_title'));
LINE: 8

FILE: catalog/controller/common/cart.php
CODE: $this->document->setTitle($this->language->get('heading_title'));
NOT FOUND - OPERATIONS ABORTED!
CODE: $data['breadcrumbs'] = array();
LINE: 44
CODE: $data['breadcrumbs'] = array();
LINE: 81
CODE: $this->document->setTitle($this->language->get('heading_title'));
LINE: 28
CODE: $this->document->setTitle($this->language->get('heading_title'));
LINE: 12
CODE: $this->document->setTitle($this->language->get('heading_title'));
LINE: 36
CODE: $this->load->language('account/voucher');
LINE: 8
LINE: 167
CODE: $this->load->language('design/layout');
LINE: 8
LINE: 21
LINE: 56
LINE: 91
LINE: 413
CODE: protected function getForm() {
LINE: 261
----------------------------------------------------------------
